#
# There is insufficient memory for the Java Runtime Environment to continue.
# Native memory allocation (malloc) failed to allocate 335536 bytes for Chunk::new
# Possible reasons:
#   The system is out of physical RAM or swap space
#   The process is running with CompressedOops enabled, and the Java Heap may be blocking the growth of the native heap
# Possible solutions:
#   Reduce memory load on the system
#   Increase physical memory or swap space
#   Check if swap backing store is full
#   Decrease Java heap size (-Xmx/-Xms)
#   Decrease number of Java threads
#   Decrease Java thread stack sizes (-Xss)
#   Set larger code cache with -XX:ReservedCodeCacheSize=
#   JVM is running with Unscaled Compressed Oops mode in which the Java heap is
#     placed in the first 4GB address space. The Java Heap base address is the
#     maximum limit for the native heap growth. Please use -XX:HeapBaseMinAddress
#     to set the Java Heap base and to place the Java Heap above 4GB virtual address.
# This output file may be truncated or incomplete.
#
#  Out of Memory Error (allocation.cpp:389), pid=12280, tid=0x0000000000003ab0
#
# JRE version: Java(TM) SE Runtime Environment (8.0_381) (build 1.8.0_381-b09)
# Java VM: Java HotSpot(TM) 64-Bit Server VM (25.381-b09 mixed mode windows-amd64 compressed oops)
# Failed to write core dump. Minidumps are not enabled by default on client versions of Windows
#

---------------  T H R E A D  ---------------

Current thread (0x000002a955dab800):  JavaThread "C2 CompilerThread0" daemon [_thread_in_native, id=15024, stack(0x000000e34a800000,0x000000e34a900000)]

Stack: [0x000000e34a800000,0x000000e34a900000]
Native frames: (J=compiled Java code, j=interpreted, Vv=VM code, C=native code)
V  [jvm.dll+0x353039]
V  [jvm.dll+0x290052]
V  [jvm.dll+0x290c1d]
V  [jvm.dll+0x285255]
V  [jvm.dll+0xdb9bc]
V  [jvm.dll+0xdc1cc]
V  [jvm.dll+0x49d02d]
V  [jvm.dll+0x460665]
V  [jvm.dll+0x46992f]
V  [jvm.dll+0x468d29]
V  [jvm.dll+0x452a5b]
V  [jvm.dll+0xb0766]
V  [jvm.dll+0xaee3f]
V  [jvm.dll+0x251602]
V  [jvm.dll+0x2accec]
C  [ucrtbase.dll+0x21bb2]
C  [KERNEL32.DLL+0x17614]
C  [ntdll.dll+0x526b1]


Current CompileTask:
C2:   4795 1770   !   4       sun.misc.URLClassPath$JarLoader::getResource (85 bytes)


---------------  P R O C E S S  ---------------

Java Threads: ( => current thread )
  0x000002a957926000 JavaThread "Druid-ConnectionPool-Destroy-1691185247" daemon [_thread_blocked, id=15468, stack(0x000000e34b000000,0x000000e34b100000)]
  0x000002a957925000 JavaThread "Druid-ConnectionPool-Create-1691185247" daemon [_thread_blocked, id=13208, stack(0x000000e34af00000,0x000000e34b000000)]
  0x000002a956367000 JavaThread "mysql-cj-abandoned-connection-cleanup" daemon [_thread_blocked, id=3748, stack(0x000000e34ae00000,0x000000e34af00000)]
  0x000002a955e64000 JavaThread "Service Thread" daemon [_thread_blocked, id=10860, stack(0x000000e34ac00000,0x000000e34ad00000)]
  0x000002a955dcf000 JavaThread "C1 CompilerThread3" daemon [_thread_blocked, id=15568, stack(0x000000e34ab00000,0x000000e34ac00000)]
  0x000002a955dc4000 JavaThread "C2 CompilerThread2" daemon [_thread_in_native, id=7176, stack(0x000000e34aa00000,0x000000e34ab00000)]
  0x000002a955dae800 JavaThread "C2 CompilerThread1" daemon [_thread_blocked, id=13448, stack(0x000000e34a900000,0x000000e34aa00000)]
=>0x000002a955dab800 JavaThread "C2 CompilerThread0" daemon [_thread_in_native, id=15024, stack(0x000000e34a800000,0x000000e34a900000)]
  0x000002a955db8800 JavaThread "Monitor Ctrl-Break" daemon [_thread_in_native, id=13000, stack(0x000000e34a700000,0x000000e34a800000)]
  0x000002a954008000 JavaThread "Attach Listener" daemon [_thread_blocked, id=14876, stack(0x000000e34a600000,0x000000e34a700000)]
  0x000002a953ff3800 JavaThread "Signal Dispatcher" daemon [_thread_blocked, id=10872, stack(0x000000e34a500000,0x000000e34a600000)]
  0x000002a953f88000 JavaThread "Finalizer" daemon [_thread_blocked, id=4064, stack(0x000000e34a400000,0x000000e34a500000)]
  0x000002a953f81000 JavaThread "Reference Handler" daemon [_thread_blocked, id=13100, stack(0x000000e34a300000,0x000000e34a400000)]
  0x000002a93dda9000 JavaThread "main" [_thread_in_native, id=17080, stack(0x000000e349900000,0x000000e349a00000)]

Other Threads:
  0x000002a953f57800 VMThread [stack: 0x000000e34a200000,0x000000e34a300000] [id=1244]
  0x000002a955e7f800 WatcherThread [stack: 0x000000e34ad00000,0x000000e34ae00000] [id=12140]

VM state:not at safepoint (normal execution)

VM Mutex/Monitor currently owned by a thread: None

heap address: 0x0000000082600000, size: 2010 MB, Compressed Oops mode: 32-bit
Narrow klass base: 0x0000000000000000, Narrow klass shift: 3
Compressed class space size: 1073741824 Address: 0x0000000100000000

Heap:
 PSYoungGen      total 37888K, used 27257K [0x00000000d6200000, 0x00000000d8c00000, 0x0000000100000000)
  eden space 32768K, 67% used [0x00000000d6200000,0x00000000d779ee18,0x00000000d8200000)
  from space 5120K, 99% used [0x00000000d8200000,0x00000000d86ff958,0x00000000d8700000)
  to   space 5120K, 0% used [0x00000000d8700000,0x00000000d8700000,0x00000000d8c00000)
 ParOldGen       total 86016K, used 1599K [0x0000000082600000, 0x0000000087a00000, 0x00000000d6200000)
  object space 86016K, 1% used [0x0000000082600000,0x000000008278fd80,0x0000000087a00000)
 Metaspace       used 17588K, capacity 17876K, committed 18048K, reserved 1064960K
  class space    used 1990K, capacity 2112K, committed 2176K, reserved 1048576K

Card table byte_map: [0x000002a94ebb0000,0x000002a94efa0000] byte_map_base: 0x000002a94e79d000

Marking Bits: (ParMarkBitMap*) 0x00007ffbfbc76040
 Begin Bits: [0x000002a94f240000, 0x000002a9511a8000)
 End Bits:   [0x000002a9511a8000, 0x000002a953110000)

Polling page: 0x000002a93e010000

CodeCache: size=245760Kb used=5552Kb max_used=5552Kb free=240207Kb
 bounds [0x000002a93f7f0000, 0x000002a93fd70000, 0x000002a94e7f0000]
 total_blobs=2222 nmethods=1768 adapters=366
 compilation: enabled

Compilation events (10 events):
Event: 4.740 Thread 0x000002a955dcf000 nmethod 1765 0x000002a93fd5bd10 code [0x000002a93fd5c020, 0x000002a93fd5d7c0]
Event: 4.744 Thread 0x000002a955dcf000 1766       3       java.util.ArrayList::isEmpty (13 bytes)
Event: 4.744 Thread 0x000002a955dcf000 nmethod 1766 0x000002a93fd54e10 code [0x000002a93fd54f60, 0x000002a93fd55118]
Event: 4.753 Thread 0x000002a955dcf000 1767       3       java.lang.reflect.Method::getGenericReturnType (20 bytes)
Event: 4.754 Thread 0x000002a955dcf000 nmethod 1767 0x000002a93fd5e5d0 code [0x000002a93fd5e7c0, 0x000002a93fd5f1c0]
Event: 4.754 Thread 0x000002a955dcf000 1768       3       java.lang.reflect.Method::hasGenericInformation (13 bytes)
Event: 4.754 Thread 0x000002a955dcf000 nmethod 1768 0x000002a93fd54810 code [0x000002a93fd54960, 0x000002a93fd54b38]
Event: 4.754 Thread 0x000002a955dcf000 1769       3       java.lang.reflect.Method::getGenericParameterTypes (5 bytes)
Event: 4.755 Thread 0x000002a955dcf000 nmethod 1769 0x000002a93fd5f850 code [0x000002a93fd5fa80, 0x000002a93fd607f0]
Event: 4.756 Thread 0x000002a955dab800 1770   !   4       sun.misc.URLClassPath$JarLoader::getResource (85 bytes)

GC Heap History (2 events):
Event: 4.213 GC heap before
{Heap before GC invocations=1 (full 0):
 PSYoungGen      total 37888K, used 32768K [0x00000000d6200000, 0x00000000d8c00000, 0x0000000100000000)
  eden space 32768K, 100% used [0x00000000d6200000,0x00000000d8200000,0x00000000d8200000)
  from space 5120K, 0% used [0x00000000d8700000,0x00000000d8700000,0x00000000d8c00000)
  to   space 5120K, 0% used [0x00000000d8200000,0x00000000d8200000,0x00000000d8700000)
 ParOldGen       total 86016K, used 0K [0x0000000082600000, 0x0000000087a00000, 0x00000000d6200000)
  object space 86016K, 0% used [0x0000000082600000,0x0000000082600000,0x0000000087a00000)
 Metaspace       used 13415K, capacity 13710K, committed 13952K, reserved 1060864K
  class space    used 1484K, capacity 1568K, committed 1664K, reserved 1048576K
Event: 4.218 GC heap after
Heap after GC invocations=1 (full 0):
 PSYoungGen      total 37888K, used 5118K [0x00000000d6200000, 0x00000000d8c00000, 0x0000000100000000)
  eden space 32768K, 0% used [0x00000000d6200000,0x00000000d6200000,0x00000000d8200000)
  from space 5120K, 99% used [0x00000000d8200000,0x00000000d86ff958,0x00000000d8700000)
  to   space 5120K, 0% used [0x00000000d8700000,0x00000000d8700000,0x00000000d8c00000)
 ParOldGen       total 86016K, used 1599K [0x0000000082600000, 0x0000000087a00000, 0x00000000d6200000)
  object space 86016K, 1% used [0x0000000082600000,0x000000008278fd80,0x0000000087a00000)
 Metaspace       used 13415K, capacity 13710K, committed 13952K, reserved 1060864K
  class space    used 1484K, capacity 1568K, committed 1664K, reserved 1048576K
}

Deoptimization events (10 events):
Event: 4.596 Thread 0x000002a93dda9000 Uncommon trap: reason=class_check action=maybe_recompile pc=0x000002a93fb3a54c method=java.util.regex.Pattern$Curly.match0(Ljava/util/regex/Matcher;IILjava/lang/CharSequence;)Z @ 31
Event: 4.610 Thread 0x000002a93dda9000 Uncommon trap: reason=class_check action=maybe_recompile pc=0x000002a93fb3a490 method=java.util.regex.Pattern$Curly.match(Ljava/util/regex/Matcher;ILjava/lang/CharSequence;)Z @ 19
Event: 4.611 Thread 0x000002a93dda9000 Uncommon trap: reason=class_check action=maybe_recompile pc=0x000002a93fb3a54c method=java.util.regex.Pattern$Curly.match0(Ljava/util/regex/Matcher;IILjava/lang/CharSequence;)Z @ 31
Event: 4.624 Thread 0x000002a93dda9000 Uncommon trap: reason=class_check action=maybe_recompile pc=0x000002a93fb3a490 method=java.util.regex.Pattern$Curly.match(Ljava/util/regex/Matcher;ILjava/lang/CharSequence;)Z @ 19
Event: 4.693 Thread 0x000002a93dda9000 Uncommon trap: reason=predicate action=maybe_recompile pc=0x000002a93fd23f80 method=java.util.regex.Pattern$Slice.match(Ljava/util/regex/Matcher;ILjava/lang/CharSequence;)Z @ 21
Event: 4.707 Thread 0x000002a93dda9000 Uncommon trap: reason=unstable_if action=reinterpret pc=0x000002a93fb2ca14 method=java.lang.CharacterData.of(I)Ljava/lang/CharacterData; @ 4
Event: 4.709 Thread 0x000002a93dda9000 Uncommon trap: reason=bimorphic action=maybe_recompile pc=0x000002a93fbc228c method=java.util.regex.Pattern$BmpCharProperty.match(Ljava/util/regex/Matcher;ILjava/lang/CharSequence;)Z @ 16
Event: 4.709 Thread 0x000002a93dda9000 Uncommon trap: reason=bimorphic action=maybe_recompile pc=0x000002a93fbc228c method=java.util.regex.Pattern$BmpCharProperty.match(Ljava/util/regex/Matcher;ILjava/lang/CharSequence;)Z @ 16
Event: 4.709 Thread 0x000002a93dda9000 Uncommon trap: reason=bimorphic action=maybe_recompile pc=0x000002a93fbc228c method=java.util.regex.Pattern$BmpCharProperty.match(Ljava/util/regex/Matcher;ILjava/lang/CharSequence;)Z @ 16
Event: 4.709 Thread 0x000002a93dda9000 Uncommon trap: reason=bimorphic action=maybe_recompile pc=0x000002a93fbc228c method=java.util.regex.Pattern$BmpCharProperty.match(Ljava/util/regex/Matcher;ILjava/lang/CharSequence;)Z @ 16

Classes redefined (0 events):
No events

Internal exceptions (10 events):
Event: 0.031 Thread 0x000002a93dda9000 Exception <a 'java/lang/NoSuchMethodError': Method sun.misc.Unsafe.prefetchRead(Ljava/lang/Object;J)V name or signature does not match> (0x00000000d6207fc8) thrown at [C:\jenkins\workspace\8-2-build-windows-x64-cygwin-sans-NAS\jdk8u381\237\hotspot\src\sha
Event: 0.137 Thread 0x000002a93dda9000 Exception <a 'java/security/PrivilegedActionException'> (0x00000000d655bdb8) thrown at [C:\jenkins\workspace\8-2-build-windows-x64-cygwin-sans-NAS\jdk8u381\237\hotspot\src\share\vm\prims\jvm.cpp, line 1513]
Event: 0.137 Thread 0x000002a93dda9000 Exception <a 'java/security/PrivilegedActionException'> (0x00000000d655c1b0) thrown at [C:\jenkins\workspace\8-2-build-windows-x64-cygwin-sans-NAS\jdk8u381\237\hotspot\src\share\vm\prims\jvm.cpp, line 1513]
Event: 3.676 Thread 0x000002a93dda9000 Exception <a 'java/lang/NoSuchFieldError': method resolution failed> (0x00000000d6c9c268) thrown at [C:\jenkins\workspace\8-2-build-windows-x64-cygwin-sans-NAS\jdk8u381\237\hotspot\src\share\vm\prims\methodHandles.cpp, line 1188]
Event: 3.677 Thread 0x000002a93dda9000 Exception <a 'java/lang/NoSuchFieldError': method resolution failed> (0x00000000d6caa1f8) thrown at [C:\jenkins\workspace\8-2-build-windows-x64-cygwin-sans-NAS\jdk8u381\237\hotspot\src\share\vm\prims\methodHandles.cpp, line 1188]
Event: 3.921 Thread 0x000002a93dda9000 Implicit null exception at 0x000002a93fa64d22 to 0x000002a93fa65ef9
Event: 4.750 Thread 0x000002a93dda9000 Exception <a 'java/lang/ClassNotFoundException': com/yp/hotelmgt/domain/EmployeeBeanInfo> (0x00000000d76d27a0) thrown at [C:\jenkins\workspace\8-2-build-windows-x64-cygwin-sans-NAS\jdk8u381\237\hotspot\src\share\vm\classfile\systemDictionary.cpp, line 213
Event: 4.750 Thread 0x000002a93dda9000 Exception <a 'java/lang/ClassNotFoundException': java/lang/ObjectBeanInfo> (0x00000000d76d4e48) thrown at [C:\jenkins\workspace\8-2-build-windows-x64-cygwin-sans-NAS\jdk8u381\237\hotspot\src\share\vm\classfile\systemDictionary.cpp, line 213]
Event: 4.751 Thread 0x000002a93dda9000 Exception <a 'java/lang/ClassNotFoundException': java/lang/ObjectCustomizer> (0x00000000d76d7d28) thrown at [C:\jenkins\workspace\8-2-build-windows-x64-cygwin-sans-NAS\jdk8u381\237\hotspot\src\share\vm\classfile\systemDictionary.cpp, line 213]
Event: 4.753 Thread 0x000002a93dda9000 Exception <a 'java/lang/ClassNotFoundException': com/yp/hotelmgt/domain/EmployeeCustomizer> (0x00000000d76f4b38) thrown at [C:\jenkins\workspace\8-2-build-windows-x64-cygwin-sans-NAS\jdk8u381\237\hotspot\src\share\vm\classfile\systemDictionary.cpp, line 2

Events (10 events):
Event: 4.756 loading class com/yp/hotelmgt/service/MenuService
Event: 4.756 loading class com/yp/hotelmgt/service/MenuService done
Event: 4.756 loading class com/yp/hotelmgt/dao/MenuDAO
Event: 4.756 loading class com/yp/hotelmgt/dao/MenuDAO done
Event: 4.756 loading class com/yp/hotelmgt/service/Order
Event: 4.756 loading class com/yp/hotelmgt/service/Order done
Event: 4.757 loading class com/yp/hotelmgt/service/BillService
Event: 4.757 loading class com/yp/hotelmgt/service/BillService done
Event: 4.757 loading class com/yp/hotelmgt/dao/BillDAO
Event: 4.757 loading class com/yp/hotelmgt/dao/BillDAO done


Dynamic libraries:
0x00007ff6622b0000 - 0x00007ff6622fa000 	D:\1\Java\jdk-1.8\bin\java.exe
0x00007ffc53010000 - 0x00007ffc53208000 	C:\Windows\SYSTEM32\ntdll.dll
0x00007ffc519f0000 - 0x00007ffc51aaf000 	C:\Windows\System32\KERNEL32.DLL
0x00007ffc506f0000 - 0x00007ffc509e6000 	C:\Windows\System32\KERNELBASE.dll
0x00007ffc52650000 - 0x00007ffc526ff000 	C:\Windows\System32\ADVAPI32.dll
0x00007ffc521a0000 - 0x00007ffc5223e000 	C:\Windows\System32\msvcrt.dll
0x00007ffc51720000 - 0x00007ffc517bc000 	C:\Windows\System32\sechost.dll
0x00007ffc515d0000 - 0x00007ffc516f6000 	C:\Windows\System32\RPCRT4.dll
0x00007ffc51430000 - 0x00007ffc515cd000 	C:\Windows\System32\USER32.dll
0x00007ffc509f0000 - 0x00007ffc50a12000 	C:\Windows\System32\win32u.dll
0x00007ffc520a0000 - 0x00007ffc520cc000 	C:\Windows\System32\GDI32.dll
0x00007ffc50b20000 - 0x00007ffc50c35000 	C:\Windows\System32\gdi32full.dll
0x00007ffc50df0000 - 0x00007ffc50e8d000 	C:\Windows\System32\msvcp_win.dll
0x00007ffc50a20000 - 0x00007ffc50b20000 	C:\Windows\System32\ucrtbase.dll
0x00007ffc38a20000 - 0x00007ffc38cba000 	C:\Windows\WinSxS\amd64_microsoft.windows.common-controls_6595b64144ccf1df_6.0.19041.1110_none_60b5254171f9507e\COMCTL32.dll
0x00007ffc52070000 - 0x00007ffc520a0000 	C:\Windows\System32\IMM32.DLL
0x00007ffc48a80000 - 0x00007ffc48a9b000 	D:\1\Java\jdk-1.8\jre\bin\vcruntime140.dll
0x00007ffc48a70000 - 0x00007ffc48a7c000 	D:\1\Java\jdk-1.8\jre\bin\vcruntime140_1.dll
0x00007ffc20730000 - 0x00007ffc207be000 	D:\1\Java\jdk-1.8\jre\bin\msvcp140.dll
0x00007ffbfb440000 - 0x00007ffbfbcf0000 	D:\1\Java\jdk-1.8\jre\bin\server\jvm.dll
0x00007ffc52060000 - 0x00007ffc52068000 	C:\Windows\System32\PSAPI.DLL
0x00007ffc29bc0000 - 0x00007ffc29bc9000 	C:\Windows\SYSTEM32\WSOCK32.dll
0x00007ffc4e700000 - 0x00007ffc4e727000 	C:\Windows\SYSTEM32\WINMM.dll
0x00007ffc40b30000 - 0x00007ffc40b3a000 	C:\Windows\SYSTEM32\VERSION.dll
0x00007ffc51980000 - 0x00007ffc519eb000 	C:\Windows\System32\WS2_32.dll
0x00007ffc4ef20000 - 0x00007ffc4ef32000 	C:\Windows\SYSTEM32\kernel.appcore.dll
0x00007ffc48a10000 - 0x00007ffc48a20000 	D:\1\Java\jdk-1.8\jre\bin\verify.dll
0x00007ffc468f0000 - 0x00007ffc4691b000 	D:\1\Java\jdk-1.8\jre\bin\java.dll
0x00007ffc466f0000 - 0x00007ffc46724000 	D:\1\Java\jdk-1.8\jre\bin\instrument.dll
0x00007ffc468d0000 - 0x00007ffc468e8000 	D:\1\Java\jdk-1.8\jre\bin\zip.dll
0x00007ffc52880000 - 0x00007ffc52fc4000 	C:\Windows\System32\SHELL32.dll
0x00007ffc4e770000 - 0x00007ffc4ef03000 	C:\Windows\SYSTEM32\windows.storage.dll
0x00007ffc522f0000 - 0x00007ffc52644000 	C:\Windows\System32\combase.dll
0x00007ffc50130000 - 0x00007ffc5015e000 	C:\Windows\SYSTEM32\Wldp.dll
0x00007ffc52240000 - 0x00007ffc522ed000 	C:\Windows\System32\SHCORE.dll
0x00007ffc51150000 - 0x00007ffc511a5000 	C:\Windows\System32\shlwapi.dll
0x00007ffc50620000 - 0x00007ffc50645000 	C:\Windows\SYSTEM32\profapi.dll
0x00007ffc46870000 - 0x00007ffc4688a000 	D:\1\JetBrains\IntelliJ IDEA 2020.2\bin\breakgen64.dll
0x00007ffc44d10000 - 0x00007ffc44d2c000 	D:\1\Java\jdk-1.8\jre\bin\net.dll
0x00007ffc4fe90000 - 0x00007ffc4fefa000 	C:\Windows\system32\mswsock.dll
0x00007ffc458d0000 - 0x00007ffc458dd000 	D:\1\Java\jdk-1.8\jre\bin\management.dll
0x00007ffc43610000 - 0x00007ffc43623000 	D:\1\Java\jdk-1.8\jre\bin\nio.dll
0x00007ffc4fb70000 - 0x00007ffc4fc3a000 	C:\Windows\SYSTEM32\DNSAPI.dll
0x00007ffc4fb30000 - 0x00007ffc4fb6b000 	C:\Windows\SYSTEM32\IPHLPAPI.DLL
0x00007ffc51f20000 - 0x00007ffc51f28000 	C:\Windows\System32\NSI.dll
0x00007ffc45d50000 - 0x00007ffc45d5a000 	C:\Windows\System32\rasadhlp.dll
0x00007ffc407b0000 - 0x00007ffc40832000 	C:\Windows\System32\fwpuclnt.dll
0x00007ffc50fd0000 - 0x00007ffc50ff7000 	C:\Windows\System32\bcrypt.dll
0x00007ffc38730000 - 0x00007ffc38755000 	D:\1\Java\jdk-1.8\jre\bin\sunec.dll
0x00007ffc44d70000 - 0x00007ffc44d87000 	C:\Windows\SYSTEM32\dhcpcsvc6.DLL
0x00007ffc44ea0000 - 0x00007ffc44ebd000 	C:\Windows\SYSTEM32\dhcpcsvc.DLL
0x00007ffc50080000 - 0x00007ffc50098000 	C:\Windows\SYSTEM32\CRYPTSP.dll
0x00007ffc4f730000 - 0x00007ffc4f764000 	C:\Windows\system32\rsaenh.dll
0x00007ffc505e0000 - 0x00007ffc5060e000 	C:\Windows\SYSTEM32\USERENV.dll
0x00007ffc50e90000 - 0x00007ffc50f12000 	C:\Windows\System32\bcryptprimitives.dll
0x00007ffc500a0000 - 0x00007ffc500ac000 	C:\Windows\SYSTEM32\CRYPTBASE.dll
0x00007ffc42d80000 - 0x00007ffc42d8d000 	D:\1\Java\jdk-1.8\jre\bin\sunmscapi.dll
0x00007ffc50c90000 - 0x00007ffc50dee000 	C:\Windows\System32\CRYPT32.dll
0x00007ffc501a0000 - 0x00007ffc501c8000 	C:\Windows\SYSTEM32\ncrypt.dll
0x00007ffc50160000 - 0x00007ffc5019b000 	C:\Windows\SYSTEM32\NTASN1.dll
0x00007ffc4e100000 - 0x00007ffc4e2e4000 	C:\Windows\SYSTEM32\dbghelp.dll

VM Arguments:
jvm_args: -javaagent:D:\1\JetBrains\IntelliJ IDEA 2020.2\lib\idea_rt.jar=35566:D:\1\JetBrains\IntelliJ IDEA 2020.2\bin -Dfile.encoding=UTF-8 
java_command: com.yp.hotelmgt.view.hotelMenu
java_class_path (initial): D:\1\Java\jdk-1.8\jre\lib\charsets.jar;D:\1\Java\jdk-1.8\jre\lib\deploy.jar;D:\1\Java\jdk-1.8\jre\lib\ext\access-bridge-64.jar;D:\1\Java\jdk-1.8\jre\lib\ext\cldrdata.jar;D:\1\Java\jdk-1.8\jre\lib\ext\dnsns.jar;D:\1\Java\jdk-1.8\jre\lib\ext\jaccess.jar;D:\1\Java\jdk-1.8\jre\lib\ext\jfxrt.jar;D:\1\Java\jdk-1.8\jre\lib\ext\localedata.jar;D:\1\Java\jdk-1.8\jre\lib\ext\nashorn.jar;D:\1\Java\jdk-1.8\jre\lib\ext\sunec.jar;D:\1\Java\jdk-1.8\jre\lib\ext\sunjce_provider.jar;D:\1\Java\jdk-1.8\jre\lib\ext\sunmscapi.jar;D:\1\Java\jdk-1.8\jre\lib\ext\sunpkcs11.jar;D:\1\Java\jdk-1.8\jre\lib\ext\zipfs.jar;D:\1\Java\jdk-1.8\jre\lib\javaws.jar;D:\1\Java\jdk-1.8\jre\lib\jce.jar;D:\1\Java\jdk-1.8\jre\lib\jfr.jar;D:\1\Java\jdk-1.8\jre\lib\jfxswt.jar;D:\1\Java\jdk-1.8\jre\lib\jsse.jar;D:\1\Java\jdk-1.8\jre\lib\management-agent.jar;D:\1\Java\jdk-1.8\jre\lib\plugin.jar;D:\1\Java\jdk-1.8\jre\lib\resources.jar;D:\1\Java\jdk-1.8\jre\lib\rt.jar;D:\Users\YpEng\Documents\idea_java_project\hotelmgt\out\production\hotelmgt;D:\Users\YpEng\Documents\idea_java_project\hotelmgt\libs\commons-dbutils-1.8.0.jar;D:\Users\YpEng\Documents\idea_java_project\hotelmgt\libs\druid-1.1.10.jar;D:\Users\YpEng\Documents\idea_java_project\hotelmgt\libs\mysql-connector-j-8.1.0.jar;D:\1\JetBrains\IntelliJ IDEA 2020.2\lib\idea_rt.jar
Launcher Type: SUN_STANDARD

Environment Variables:
JAVA_HOME=D:\1\Java
PATH=C:\Program Files\Python37\Scripts\;C:\Program Files\Python37\;C:\Windows\system32;C:\Windows;C:\Windows\System32\Wbem;C:\Windows\System32\WindowsPowerShell\v1.0\;C:\Windows\System32\OpenSSH\;C:\Program Files (x86)\NVIDIA Corporation\PhysX\Common;C:\Program Files\NVIDIA Corporation\NVIDIA NvDLISR;C:\Program Files\Intel\WiFi\bin\;C:\Program Files\Common Files\Intel\WirelessCommon\;C:\Windows\system32;C:\Windows;C:\Windows\System32\Wbem;C:\Windows\System32\WindowsPowerShell\v1.0\;C:\Windows\System32\OpenSSH\;D:\1\MySQL\MySQL Server 8.0\bin\;C:\Program Files\Cloudflare\Cloudflare WARP\;d:\1\Git\cmd;D:\1\Java\jdk-1.8\bin\;C:\Users\YpEng\AppData\Local\Microsoft\WindowsApps;;d:\1\JetBrains\PyCharm 2023.1.3\bin;
USERNAME=YpEng
OS=Windows_NT
PROCESSOR_IDENTIFIER=Intel64 Family 6 Model 142 Stepping 12, GenuineIntel



---------------  S Y S T E M  ---------------

OS: Windows 10 , 64 bit Build 19041 (10.0.19041.3155)

CPU:total 8 (initial active 8) (4 cores per cpu, 2 threads per core) family 6 model 142 stepping 12, cmov, cx8, fxsr, mmx, sse, sse2, sse3, ssse3, sse4.1, sse4.2, popcnt, avx, avx2, aes, clmul, erms, 3dnowpref, lzcnt, ht, tsc, tscinvbit, bmi1, bmi2, adx

Memory: 4k page, physical 8230644k(1551212k free), swap 10327796k(4128k free)

vm_info: Java HotSpot(TM) 64-Bit Server VM (25.381-b09) for windows-amd64 JRE (1.8.0_381-b09), built on Jun 14 2023 13:50:38 by "java_re" with MS VC++ 17.1 (VS2022)

time: Sun Aug 20 17:11:13 2023
timezone: Intel64 Family 6 Model 142 Stepping 12, GenuineIntel
elapsed time: 4.798076 seconds (0d 0h 0m 4s)

